# JRE version: OpenJDK Runtime Environment (17.0.6) (build 17.0.6+0-17.0.6b829.9-10027231)
# Java VM: OpenJDK 64-Bit Server VM (17.0.6+0-17.0.6b829.9-10027231, mixed mode, tiered, compressed oops, compressed class ptrs, g1 gc, bsd-amd64)
GC Precious Log:
 CPUs: 8 total, 8 available
 Memory: 16384M
 Large Page Support: Disabled
 NUMA Support: Disabled
 Compressed Oops: Enabled (Zero based)
 Heap Region Size: 1M
 Heap Min Capacity: 8M
 Heap Initial Capacity: 256M
 Heap Max Capacity: 2G
 Pre-touch: Disabled
 Parallel Workers: 8
 Concurrent Workers: 2
 Concurrent Refinement Workers: 8
 Periodic GC: Disabled
Heap:
 garbage-first heap   total 266240K, used 188600K [0x0000000780000000, 0x0000000800000000)
  region size 1024K, 40 young (40960K), 7 survivors (7168K)
 Metaspace       used 104962K, committed 105600K, reserved 1146880K
  class space    used 15013K, committed 15296K, reserved 1048576K
GC Heap History (20 events):
Event: 9.504 GC heap before
{Heap before GC invocations=33 (full 0):
 garbage-first heap   total 128000K, used 101251K [0x0000000780000000, 0x0000000800000000)
  region size 1024K, 39 young (39936K), 5 survivors (5120K)
 Metaspace       used 84912K, committed 85504K, reserved 1122304K
  class space    used 12044K, committed 12288K, reserved 1048576K
}
Event: 9.510 GC heap after
{Heap after GC invocations=34 (full 0):
 garbage-first heap   total 128000K, used 71940K [0x0000000780000000, 0x0000000800000000)
  region size 1024K, 5 young (5120K), 5 survivors (5120K)
 Metaspace       used 84912K, committed 85504K, reserved 1122304K
  class space    used 12044K, committed 12288K, reserved 1048576K
}
Event: 9.518 GC heap before
{Heap before GC invocations=34 (full 0):
 garbage-first heap   total 128000K, used 72964K [0x0000000780000000, 0x0000000800000000)
  region size 1024K, 6 young (6144K), 5 survivors (5120K)
 Metaspace       used 84928K, committed 85504K, reserved 1122304K
  class space    used 12046K, committed 12288K, reserved 1048576K
}
Event: 9.522 GC heap after
{Heap after GC invocations=35 (full 0):
 garbage-first heap   total 128000K, used 72883K [0x0000000780000000, 0x0000000800000000)
  region size 1024K, 1 young (1024K), 1 survivors (1024K)
 Metaspace       used 84928K, committed 85504K, reserved 1122304K
  class space    used 12046K, committed 12288K, reserved 1048576K
}
Event: 9.998 GC heap before
{Heap before GC invocations=35 (full 0):
 garbage-first heap   total 128000K, used 103603K [0x0000000780000000, 0x0000000800000000)
  region size 1024K, 31 young (31744K), 1 survivors (1024K)
 Metaspace       used 86820K, committed 87488K, reserved 1130496K
  class space    used 12350K, committed 12672K, reserved 1048576K
}
Event: 10.003 GC heap after
{Heap after GC invocations=36 (full 0):
 garbage-first heap   total 266240K, used 76049K [0x0000000780000000, 0x0000000800000000)
  region size 1024K, 4 young (4096K), 4 survivors (4096K)
 Metaspace       used 86820K, committed 87488K, reserved 1130496K
  class space    used 12350K, committed 12672K, reserved 1048576K
}
Event: 10.772 GC heap before
{Heap before GC invocations=36 (full 0):
 garbage-first heap   total 266240K, used 196881K [0x0000000780000000, 0x0000000800000000)
  region size 1024K, 123 young (125952K), 4 survivors (4096K)
 Metaspace       used 87845K, committed 88512K, reserved 1130496K
  class space    used 12489K, committed 12800K, reserved 1048576K
}
Event: 10.786 GC heap after
{Heap after GC invocations=37 (full 0):
 garbage-first heap   total 266240K, used 85747K [0x0000000780000000, 0x0000000800000000)
  region size 1024K, 14 young (14336K), 14 survivors (14336K)
 Metaspace       used 87845K, committed 88512K, reserved 1130496K
  class space    used 12489K, committed 12800K, reserved 1048576K
}
Event: 11.476 GC heap before
{Heap before GC invocations=37 (full 0):
 garbage-first heap   total 266240K, used 200435K [0x0000000780000000, 0x0000000800000000)
  region size 1024K, 126 young (129024K), 14 survivors (14336K)
 Metaspace       used 91040K, committed 91648K, reserved 1130496K
  class space    used 12826K, committed 13120K, reserved 1048576K
}
Event: 11.487 GC heap after
{Heap after GC invocations=38 (full 0):
 garbage-first heap   total 266240K, used 94199K [0x0000000780000000, 0x0000000800000000)
  region size 1024K, 10 young (10240K), 10 survivors (10240K)
 Metaspace       used 91040K, committed 91648K, reserved 1130496K
  class space    used 12826K, committed 13120K, reserved 1048576K
}
Event: 11.976 GC heap before
{Heap before GC invocations=38 (full 0):
 garbage-first heap   total 266240K, used 204791K [0x0000000780000000, 0x0000000800000000)
  region size 1024K, 119 young (121856K), 10 survivors (10240K)
 Metaspace       used 95506K, committed 96192K, reserved 1138688K
  class space    used 13505K, committed 13824K, reserved 1048576K
}
Event: 11.984 GC heap after
{Heap after GC invocations=39 (full 0):
 garbage-first heap   total 266240K, used 108381K [0x0000000780000000, 0x0000000800000000)
  region size 1024K, 15 young (15360K), 15 survivors (15360K)
 Metaspace       used 95506K, committed 96192K, reserved 1138688K
  class space    used 13505K, committed 13824K, reserved 1048576K
}
Event: 12.422 GC heap before
{Heap before GC invocations=39 (full 0):
 garbage-first heap   total 266240K, used 207709K [0x0000000780000000, 0x0000000800000000)
  region size 1024K, 112 young (114688K), 15 survivors (15360K)
 Metaspace       used 100111K, committed 100736K, reserved 1138688K
  class space    used 14174K, committed 14464K, reserved 1048576K
}
Event: 12.437 GC heap after
{Heap after GC invocations=40 (full 0):
 garbage-first heap   total 266240K, used 123092K [0x0000000780000000, 0x0000000800000000)
  region size 1024K, 14 young (14336K), 14 survivors (14336K)
 Metaspace       used 100111K, committed 100736K, reserved 1138688K
  class space    used 14174K, committed 14464K, reserved 1048576K
}
Event: 12.602 GC heap before
{Heap before GC invocations=40 (full 0):
 garbage-first heap   total 266240K, used 208084K [0x0000000780000000, 0x0000000800000000)
  region size 1024K, 97 young (99328K), 14 survivors (14336K)
 Metaspace       used 101787K, committed 102464K, reserved 1138688K
  class space    used 14461K, committed 14784K, reserved 1048576K
}
Event: 12.645 GC heap after
{Heap after GC invocations=41 (full 0):
 garbage-first heap   total 266240K, used 138182K [0x0000000780000000, 0x0000000800000000)
  region size 1024K, 13 young (13312K), 13 survivors (13312K)
 Metaspace       used 101787K, committed 102464K, reserved 1138688K
  class space    used 14461K, committed 14784K, reserved 1048576K
}
Event: 12.817 GC heap before
{Heap before GC invocations=41 (full 0):
 garbage-first heap   total 266240K, used 211910K [0x0000000780000000, 0x0000000800000000)
  region size 1024K, 85 young (87040K), 13 survivors (13312K)
 Metaspace       used 103815K, committed 104448K, reserved 1146880K
  class space    used 14828K, committed 15104K, reserved 1048576K
}
Event: 12.839 GC heap after
{Heap after GC invocations=42 (full 0):
 garbage-first heap   total 266240K, used 150203K [0x0000000780000000, 0x0000000800000000)
  region size 1024K, 11 young (11264K), 11 survivors (11264K)
 Metaspace       used 103815K, committed 104448K, reserved 1146880K
  class space    used 14828K, committed 15104K, reserved 1048576K
}
Event: 13.068 GC heap before
{Heap before GC invocations=42 (full 0):
 garbage-first heap   total 266240K, used 214715K [0x0000000780000000, 0x0000000800000000)
  region size 1024K, 74 young (75776K), 11 survivors (11264K)
 Metaspace       used 104650K, committed 105344K, reserved 1146880K
  class space    used 14980K, committed 15296K, reserved 1048576K
}
Event: 13.082 GC heap after
{Heap after GC invocations=43 (full 0):
 garbage-first heap   total 266240K, used 156856K [0x0000000780000000, 0x0000000800000000)
  region size 1024K, 7 young (7168K), 7 survivors (7168K)
 Metaspace       used 104650K, committed 105344K, reserved 1146880K
  class space    used 14980K, committed 15296K, reserved 1048576K
}

